[debug] [2024-06-19T20:22:17.261Z] ----------------------------------------------------------------------
[debug] [2024-06-19T20:22:17.263Z] Command:       /Users/mateuszpaulus/.nvm/versions/node/v21.5.0/bin/node /Users/mateuszpaulus/.nvm/versions/node/v21.5.0/bin/firebase init
[debug] [2024-06-19T20:22:17.263Z] CLI Version:   13.7.5
[debug] [2024-06-19T20:22:17.263Z] Platform:      darwin
[debug] [2024-06-19T20:22:17.263Z] Node Version:  v21.5.0
[debug] [2024-06-19T20:22:17.263Z] Time:          Wed Jun 19 2024 22:22:17 GMT+0200 (Central European Summer Time)
[debug] [2024-06-19T20:22:17.263Z] ----------------------------------------------------------------------
[debug] 
[debug] [2024-06-19T20:22:17.266Z] > command requires scopes: ["email","openid","https://www.googleapis.com/auth/cloudplatformprojects.readonly","https://www.googleapis.com/auth/firebase","https://www.googleapis.com/auth/cloud-platform"]
[debug] [2024-06-19T20:22:17.267Z] > authorizing via signed-in user (paulus.m.mateusz@gmail.com)
[info] 
     ######## #### ########  ######## ########     ###     ######  ########
     ##        ##  ##     ## ##       ##     ##  ##   ##  ##       ##
     ######    ##  ########  ######   ########  #########  ######  ######
     ##        ##  ##    ##  ##       ##     ## ##     ##       ## ##
     ##       #### ##     ## ######## ########  ##     ##  ######  ########

You're about to initialize a Firebase project in this directory:

  /Users/mateuszpaulus/Documents/Angular/your-doubts-angular-firebase-app

[info] 
=== Project Setup
[info] 
[info] First, let's associate this project directory with a Firebase project.
[info] You can create multiple project aliases by running firebase use --add, 
[info] but for now we'll just set up a default project.
[info] 
[debug] [2024-06-19T20:22:20.496Z] >>> [apiv2][query] GET https://firebase.googleapis.com/v1beta1/projects pageSize=100
[debug] [2024-06-19T20:22:20.970Z] <<< [apiv2][status] GET https://firebase.googleapis.com/v1beta1/projects 200
[debug] [2024-06-19T20:22:20.970Z] <<< [apiv2][body] GET https://firebase.googleapis.com/v1beta1/projects [omitted]
[info] i  Using project syd-app-d6715 (your-doubts-app) 
[info] 
=== Hosting Setup
[debug] [2024-06-19T20:22:27.177Z] >>> [apiv2][query] GET https://firebase.googleapis.com/v1beta1/projects/syd-app-d6715 [none]
[debug] [2024-06-19T20:22:27.427Z] <<< [apiv2][status] GET https://firebase.googleapis.com/v1beta1/projects/syd-app-d6715 200
[debug] [2024-06-19T20:22:27.428Z] <<< [apiv2][body] GET https://firebase.googleapis.com/v1beta1/projects/syd-app-d6715 {"projectId":"syd-app-d6715","projectNumber":"943175807278","displayName":"your-doubts-app","name":"projects/syd-app-d6715","resources":{"hostingSite":"syd-app-d6715","storageBucket":"syd-app-d6715.appspot.com","locationId":"europe-west"},"state":"ACTIVE","etag":"1_85c689a0-4370-4339-8611-67eff49f2c08"}
[info] 
[info] Your public directory is the folder (relative to your project directory) that
[info] will contain Hosting assets to be uploaded with firebase deploy. If you
[info] have a build process for your assets, use your build's output directory.
[info] 
[debug] [2024-06-19T20:28:52.042Z] >>> [apiv2][query] GET https://www.gstatic.com/firebasejs/releases.json [none]
[debug] [2024-06-19T20:28:52.148Z] <<< [apiv2][status] GET https://www.gstatic.com/firebasejs/releases.json 200
[debug] [2024-06-19T20:28:52.148Z] <<< [apiv2][body] GET https://www.gstatic.com/firebasejs/releases.json {"current":{"version":"10.12.2","browserURL":"https://www.gstatic.com/firebasejs/10.12.2/firebase.js","packageURL":"https://www.gstatic.com/firebasejs/10.12.2/firebase.tgz"},"live":{"version":"10.12","browserURL":"https://www.gstatic.com/firebasejs/live/10.12/firebase.js","packageURL":"https://www.gstatic.com/firebasejs/live/10.12/firebase.tgz"},"components":{"analytics":"https://www.gstatic.com/firebasejs/10.12.2/firebase-analytics.js","app":"https://www.gstatic.com/firebasejs/10.12.2/firebase-app.js","app-check":"https://www.gstatic.com/firebasejs/10.12.2/firebase-app-check.js","auth":"https://www.gstatic.com/firebasejs/10.12.2/firebase-auth.js","auth/cordova":"https://www.gstatic.com/firebasejs/10.12.2/firebase-auth/cordova.js","auth/web-extension":"https://www.gstatic.com/firebasejs/10.12.2/firebase-auth/web-extension.js","functions":"https://www.gstatic.com/firebasejs/10.12.2/firebase-functions.js","firestore":"https://www.gstatic.com/firebasejs/10.12.2/firebase-firestore.js","firestore/lite":"https://www.gstatic.com/firebasejs/10.12.2/firebase-firestore/lite.js","installations":"https://www.gstatic.com/firebasejs/10.12.2/firebase-installations.js","storage":"https://www.gstatic.com/firebasejs/10.12.2/firebase-storage.js","performance":"https://www.gstatic.com/firebasejs/10.12.2/firebase-performance.js","remote-config":"https://www.gstatic.com/firebasejs/10.12.2/firebase-remote-config.js","messaging":"https://www.gstatic.com/firebasejs/10.12.2/firebase-messaging.js","messaging/sw":"https://www.gstatic.com/firebasejs/10.12.2/firebase-messaging/sw.js","database":"https://www.gstatic.com/firebasejs/10.12.2/firebase-database.js","vertexai-preview":"https://www.gstatic.com/firebasejs/10.12.2/firebase-vertexai-preview.js","firestore.memory":"https://www.gstatic.com/firebasejs/10.12.2/firebase-firestore.memory.js"}}
